A
before: 3396
after: 3341
removed: 55

B
before: 3396
after: 3047
removed: 349

C
before: 3419
after: 2935
removed: 484

D
before: 3398
after: 3046
removed: 352

E
before: 3437
after: 3050
removed: 387

F
before: 3394
after: 2453
removed: 941

G
before: 3385
after: 2231
removed: 1154

H
before: 3424
after: 2670
removed: 754

I
before: 3428
after: 3403
removed: 25

J
before: 3402
after: 3158
removed: 244

K
before: 3438
after: 3350
removed: 88

L
before: 3415
after: 3396
removed: 19

M
before: 3402
after: 3285
removed: 117

N
before: 3365
after: 3292
removed: 73

O
before: 3408
after: 3399
removed: 9

P
before: 3430
after: 2793
removed: 637

Q
before: 3435
after: 2560
removed: 875

R
before: 3419
after: 3389
removed: 30

S
before: 3392
after: 3319
removed: 73

T
before: 3436
after: 3426
removed: 10

U
before: 3419
after: 3414
removed: 5

V
before: 3422
after: 3421
removed: 1

W
before: 3423
after: 3403
removed: 20

X
before: 3437
after: 3411
removed: 26

Y
before: 3453
after: 3251
removed: 202

Z
before: 3427
after: 3012
removed: 415

total removed: 7345